<?xml version="1.0" encoding="UTF-8"?>
<!-- Generated by org.testng.reporters.JUnitXMLReporter -->
<testsuite hostname="DESKTOP-FNPCQCB" ignored="0" name="Test" tests="1" failures="1" timestamp="29 Aug 2017 10:53:04 GMT" time="1.942" errors="0">
  <testcase name="@AfterMethod closeApplication" time="0.0" classname="com.genric.BaseTest">
    <failure type="java.lang.NullPointerException">
      <![CDATA[java.lang.NullPointerException
	at com.genric.BaseTest.closeApplication(BaseTest.java:49)
... Removed 27 stack frames]]>
    </failure>
  </testcase> <!-- @AfterMethod closeApplication -->
  <testcase name="testValidLogin" time="0.062" classname="com.facebook.test.ValidLogin">
    <failure type="java.lang.NullPointerException">
      <![CDATA[java.lang.NullPointerException
	at org.openqa.selenium.support.pagefactory.DefaultElementLocator.findElement(DefaultElementLocator.java:69)
	at org.openqa.selenium.support.pagefactory.internal.LocatingElementHandler.invoke(LocatingElementHandler.java:38)
	at com.sun.proxy.$Proxy8.sendKeys(Unknown Source)
	at com.facebook.page.FacebookLoginOrSignupPage.setUserName(FacebookLoginOrSignupPage.java:31)
	at com.facebook.test.ValidLogin.testValidLogin(ValidLogin.java:19)
... Removed 25 stack frames]]>
    </failure>
  </testcase> <!-- testValidLogin -->
</testsuite> <!-- Test -->
