<?xml version="1.0" encoding="UTF-8"?>
<testsuite xmlns:xsi="http://www.w3.org/2001/XMLSchema-instance" xsi:noNamespaceSchemaLocation="https://maven.apache.org/surefire/maven-surefire-plugin/xsd/surefire-test-report.xsd" name="TestSuite" time="55.863" tests="1" errors="0" skipped="0" failures="1">
  <properties>
[...]
</properties>
  <testcase name="testValidLogin" classname="com.facebook.test.ValidLogin" time="37.814">
    <failure type="java.lang.AssertionError:">java.lang.AssertionError: null
	at com.facebook.test.ValidLogin.testValidLogin(ValidLogin.java:23)
</failure>
    <system-out><![CDATA[hello i am start
title is not matching
HI
]]></system-out>
    <system-err><![CDATA[Aug 29, 2017 5:28:10 PM org.openqa.selenium.remote.ProtocolHandshake createSession
INFO: Detected dialect: OSS
]]></system-err>
  </testcase>
</testsuite>